<?xml version="1.0" encoding="UTF-8"?>
<!-- Generated by org.testng.reporters.JUnitReportReporter -->
<testsuite hostname="DESKTOP-MURDGNT" failures="0" tests="1" name="utils.TestRunner" time="38.533" errors="0" timestamp="2023-09-15T16:54:41 IST" skipped="0">
  <testcase classname="utils.TestRunner" name="runScenario" time="38.533"/>
  <system-out/>
</testsuite> <!-- utils.TestRunner -->
